C:\Program Files\Microsoft Visual Studio\2022\Community\MSBuild\Microsoft\VC\v170\Microsoft.CppBuild.targets(531,5): warning MSB8028: The intermediate directory (x64\Debug\) contains files shared from another project (Game3015_Final.vcxproj).  This can lead to incorrect clean and rebuild behavior.
  Command.cpp
  CommandQueue.cpp
  Camera.cpp
  d3dApp.cpp
  d3dUtil.cpp
  DDSTextureLoader.cpp
  GameTimer.cpp
  GeometryGenerator.cpp
  MathHelper.cpp
  FrameResource.cpp
  Game.cpp
E:\GBC Winter 2025\Game Production 6\Game_Engine_Development_2_Final-Assignment-\Game3015_Final\State.hpp(11,7): warning C4099: 'ID3D12GraphicsCommandList': type name first seen using 'struct' now seen using 'class'
  (compiling source file 'Game.cpp')
      C:\Program Files (x86)\Windows Kits\10\Include\10.0.19041.0\um\d3d12.h(5473,5):
      see declaration of 'ID3D12GraphicsCommandList'
  
E:\GBC Winter 2025\Game Production 6\Game_Engine_Development_2_Final-Assignment-\Game3015_Final\StateStack.hpp(13,7): warning C4099: 'ID3D12GraphicsCommandList': type name first seen using 'struct' now seen using 'class'
  (compiling source file 'Game.cpp')
      E:\GBC Winter 2025\Game Production 6\Game_Engine_Development_2_Final-Assignment-\Game3015_Final\State.hpp(11,7):
      see declaration of 'ID3D12GraphicsCommandList'
  
E:\GBC Winter 2025\Game Production 6\Game_Engine_Development_2_Final-Assignment-\Game3015_Final\Game.cpp(37,21): warning C4305: 'argument': truncation from 'double' to 'float'
E:\GBC Winter 2025\Game Production 6\Game_Engine_Development_2_Final-Assignment-\Game3015_Final\Game.cpp(489,45): warning C4267: '=': conversion from 'size_t' to 'UINT', possible loss of data
E:\GBC Winter 2025\Game Production 6\Game_Engine_Development_2_Final-Assignment-\Game3015_Final\Game.cpp(556,50): warning C4129: 'S': unrecognized character escape sequence
E:\GBC Winter 2025\Game Production 6\Game_Engine_Development_2_Final-Assignment-\Game3015_Final\Game.cpp(557,48): warning C4129: 'S': unrecognized character escape sequence
E:\GBC Winter 2025\Game Production 6\Game_Engine_Development_2_Final-Assignment-\Game3015_Final\Game.cpp(659,23): warning C4305: '=': truncation from 'double' to 'float'
  GameState.cpp
C:\Program Files (x86)\Windows Kits\10\Include\10.0.19041.0\um\d3d12.h(160,19): warning C4099: 'ID3D12GraphicsCommandList': type name first seen using 'class' now seen using 'struct'
  (compiling source file 'GameState.cpp')
      E:\GBC Winter 2025\Game Production 6\Game_Engine_Development_2_Final-Assignment-\Game3015_Final\State.hpp(11,7):
      see declaration of 'ID3D12GraphicsCommandList'
  
C:\Program Files (x86)\Windows Kits\10\Include\10.0.19041.0\um\d3d12.h(5473,5): warning C4099: 'ID3D12GraphicsCommandList': type name first seen using 'class' now seen using 'struct'
  (compiling source file 'GameState.cpp')
      C:\Program Files (x86)\Windows Kits\10\Include\10.0.19041.0\um\d3d12.h(5473,5):
      see declaration of 'ID3D12GraphicsCommandList'
  
E:\GBC Winter 2025\Game Production 6\Game_Engine_Development_2_Final-Assignment-\Game3015_Final\StateStack.hpp(13,7): warning C4099: 'ID3D12GraphicsCommandList': type name first seen using 'struct' now seen using 'class'
  (compiling source file 'GameState.cpp')
      C:\Program Files (x86)\Windows Kits\10\Include\10.0.19041.0\um\d3d12.h(5473,5):
      see declaration of 'ID3D12GraphicsCommandList'
  
  main.cpp
E:\GBC Winter 2025\Game Production 6\Game_Engine_Development_2_Final-Assignment-\Game3015_Final\State.hpp(11,7): warning C4099: 'ID3D12GraphicsCommandList': type name first seen using 'struct' now seen using 'class'
  (compiling source file 'main.cpp')
      C:\Program Files (x86)\Windows Kits\10\Include\10.0.19041.0\um\d3d12.h(5473,5):
      see declaration of 'ID3D12GraphicsCommandList'
  
E:\GBC Winter 2025\Game Production 6\Game_Engine_Development_2_Final-Assignment-\Game3015_Final\StateStack.hpp(13,7): warning C4099: 'ID3D12GraphicsCommandList': type name first seen using 'struct' now seen using 'class'
  (compiling source file 'main.cpp')
      E:\GBC Winter 2025\Game Production 6\Game_Engine_Development_2_Final-Assignment-\Game3015_Final\State.hpp(11,7):
      see declaration of 'ID3D12GraphicsCommandList'
  
  MenuState.cpp
C:\Program Files (x86)\Windows Kits\10\Include\10.0.19041.0\um\d3d12.h(160,19): warning C4099: 'ID3D12GraphicsCommandList': type name first seen using 'class' now seen using 'struct'
  (compiling source file 'MenuState.cpp')
      E:\GBC Winter 2025\Game Production 6\Game_Engine_Development_2_Final-Assignment-\Game3015_Final\State.hpp(11,7):
      see declaration of 'ID3D12GraphicsCommandList'
  
C:\Program Files (x86)\Windows Kits\10\Include\10.0.19041.0\um\d3d12.h(5473,5): warning C4099: 'ID3D12GraphicsCommandList': type name first seen using 'class' now seen using 'struct'
  (compiling source file 'MenuState.cpp')
      C:\Program Files (x86)\Windows Kits\10\Include\10.0.19041.0\um\d3d12.h(5473,5):
      see declaration of 'ID3D12GraphicsCommandList'
  
E:\GBC Winter 2025\Game Production 6\Game_Engine_Development_2_Final-Assignment-\Game3015_Final\StateStack.hpp(13,7): warning C4099: 'ID3D12GraphicsCommandList': type name first seen using 'struct' now seen using 'class'
  (compiling source file 'MenuState.cpp')
      C:\Program Files (x86)\Windows Kits\10\Include\10.0.19041.0\um\d3d12.h(5473,5):
      see declaration of 'ID3D12GraphicsCommandList'
  
E:\GBC Winter 2025\Game Production 6\Game_Engine_Development_2_Final-Assignment-\Game3015_Final\MenuState.cpp(22,35): warning C4305: 'argument': truncation from 'double' to 'float'
E:\GBC Winter 2025\Game Production 6\Game_Engine_Development_2_Final-Assignment-\Game3015_Final\MenuState.cpp(28,34): warning C4305: 'argument': truncation from 'double' to 'float'
E:\GBC Winter 2025\Game Production 6\Game_Engine_Development_2_Final-Assignment-\Game3015_Final\MenuState.cpp(34,34): warning C4305: 'argument': truncation from 'double' to 'float'
E:\GBC Winter 2025\Game Production 6\Game_Engine_Development_2_Final-Assignment-\Game3015_Final\MenuState.cpp(66,10): warning C4101: 'msgbuf': unreferenced local variable
  PauseState.cpp
C:\Program Files (x86)\Windows Kits\10\Include\10.0.19041.0\um\d3d12.h(160,19): warning C4099: 'ID3D12GraphicsCommandList': type name first seen using 'class' now seen using 'struct'
  (compiling source file 'PauseState.cpp')
      E:\GBC Winter 2025\Game Production 6\Game_Engine_Development_2_Final-Assignment-\Game3015_Final\State.hpp(11,7):
      see declaration of 'ID3D12GraphicsCommandList'
  
C:\Program Files (x86)\Windows Kits\10\Include\10.0.19041.0\um\d3d12.h(5473,5): warning C4099: 'ID3D12GraphicsCommandList': type name first seen using 'class' now seen using 'struct'
  (compiling source file 'PauseState.cpp')
      C:\Program Files (x86)\Windows Kits\10\Include\10.0.19041.0\um\d3d12.h(5473,5):
      see declaration of 'ID3D12GraphicsCommandList'
  
E:\GBC Winter 2025\Game Production 6\Game_Engine_Development_2_Final-Assignment-\Game3015_Final\StateStack.hpp(13,7): warning C4099: 'ID3D12GraphicsCommandList': type name first seen using 'struct' now seen using 'class'
  (compiling source file 'PauseState.cpp')
      C:\Program Files (x86)\Windows Kits\10\Include\10.0.19041.0\um\d3d12.h(5473,5):
      see declaration of 'ID3D12GraphicsCommandList'
  
E:\GBC Winter 2025\Game Production 6\Game_Engine_Development_2_Final-Assignment-\Game3015_Final\PauseState.cpp(22,35): warning C4305: 'argument': truncation from 'double' to 'float'
E:\GBC Winter 2025\Game Production 6\Game_Engine_Development_2_Final-Assignment-\Game3015_Final\PauseState.cpp(28,38): warning C4305: 'argument': truncation from 'double' to 'float'
E:\GBC Winter 2025\Game Production 6\Game_Engine_Development_2_Final-Assignment-\Game3015_Final\PauseState.cpp(34,34): warning C4305: 'argument': truncation from 'double' to 'float'
E:\GBC Winter 2025\Game Production 6\Game_Engine_Development_2_Final-Assignment-\Game3015_Final\PauseState.cpp(66,10): warning C4101: 'msgbuf': unreferenced local variable
  Player.cpp
  SceneNode.cpp
E:\GBC Winter 2025\Game Production 6\Game_Engine_Development_2_Final-Assignment-\Game3015_Final\State.hpp(11,7): warning C4099: 'ID3D12GraphicsCommandList': type name first seen using 'struct' now seen using 'class'
  (compiling source file 'SceneNode.cpp')
      C:\Program Files (x86)\Windows Kits\10\Include\10.0.19041.0\um\d3d12.h(5473,5):
      see declaration of 'ID3D12GraphicsCommandList'
  
E:\GBC Winter 2025\Game Production 6\Game_Engine_Development_2_Final-Assignment-\Game3015_Final\StateStack.hpp(13,7): warning C4099: 'ID3D12GraphicsCommandList': type name first seen using 'struct' now seen using 'class'
  (compiling source file 'SceneNode.cpp')
      E:\GBC Winter 2025\Game Production 6\Game_Engine_Development_2_Final-Assignment-\Game3015_Final\State.hpp(11,7):
      see declaration of 'ID3D12GraphicsCommandList'
  
E:\GBC Winter 2025\Game Production 6\Game_Engine_Development_2_Final-Assignment-\Game3015_Final\SceneNode.cpp(177,53): warning C4267: '=': conversion from 'size_t' to 'UINT', possible loss of data
  State.cpp
  StateStack.cpp
C:\Program Files (x86)\Windows Kits\10\Include\10.0.19041.0\um\d3d12.h(160,19): warning C4099: 'ID3D12GraphicsCommandList': type name first seen using 'class' now seen using 'struct'
  (compiling source file 'StateStack.cpp')
      E:\GBC Winter 2025\Game Production 6\Game_Engine_Development_2_Final-Assignment-\Game3015_Final\StateStack.hpp(13,7):
      see declaration of 'ID3D12GraphicsCommandList'
  
C:\Program Files (x86)\Windows Kits\10\Include\10.0.19041.0\um\d3d12.h(5473,5): warning C4099: 'ID3D12GraphicsCommandList': type name first seen using 'class' now seen using 'struct'
  (compiling source file 'StateStack.cpp')
      C:\Program Files (x86)\Windows Kits\10\Include\10.0.19041.0\um\d3d12.h(5473,5):
      see declaration of 'ID3D12GraphicsCommandList'
  
  TitleState.cpp
C:\Program Files (x86)\Windows Kits\10\Include\10.0.19041.0\um\d3d12.h(160,19): warning C4099: 'ID3D12GraphicsCommandList': type name first seen using 'class' now seen using 'struct'
  (compiling source file 'TitleState.cpp')
      E:\GBC Winter 2025\Game Production 6\Game_Engine_Development_2_Final-Assignment-\Game3015_Final\State.hpp(11,7):
      see declaration of 'ID3D12GraphicsCommandList'
  
C:\Program Files (x86)\Windows Kits\10\Include\10.0.19041.0\um\d3d12.h(5473,5): warning C4099: 'ID3D12GraphicsCommandList': type name first seen using 'class' now seen using 'struct'
  (compiling source file 'TitleState.cpp')
      C:\Program Files (x86)\Windows Kits\10\Include\10.0.19041.0\um\d3d12.h(5473,5):
      see declaration of 'ID3D12GraphicsCommandList'
  
E:\GBC Winter 2025\Game Production 6\Game_Engine_Development_2_Final-Assignment-\Game3015_Final\StateStack.hpp(13,7): warning C4099: 'ID3D12GraphicsCommandList': type name first seen using 'struct' now seen using 'class'
  (compiling source file 'TitleState.cpp')
      C:\Program Files (x86)\Windows Kits\10\Include\10.0.19041.0\um\d3d12.h(5473,5):
      see declaration of 'ID3D12GraphicsCommandList'
  
E:\GBC Winter 2025\Game Production 6\Game_Engine_Development_2_Final-Assignment-\Game3015_Final\TitleState.cpp(28,34): warning C4305: 'argument': truncation from 'double' to 'float'
  Generating Code...
  Compiling...
  World.cpp
  Generating Code...
  Game3015_Final.vcxproj -> E:\GBC Winter 2025\Game Production 6\Game_Engine_Development_2_Final-Assignment-\x64\Debug\Game3015_Final.exe
